2025-02-06 06:02:40,000 - INFO - Found 25 URLs in sitemap
2025-02-06 06:02:40,141 - INFO - Processing URL: https://blogforge.pythonanywhere.com/
2025-02-06 06:02:40,142 - INFO - Successfully processed https://blogforge.pythonanywhere.com/
2025-02-06 06:02:40,163 - INFO - Processing URL: https://blogforge.pythonanywhere.com/contact/
2025-02-06 06:02:40,164 - INFO - Successfully processed https://blogforge.pythonanywhere.com/contact/
2025-02-06 06:02:40,301 - INFO - Processing URL: https://blogforge.pythonanywhere.com/blogs/exploring-the-future-of-travel-and-tourism-in-the-digital-era/
2025-02-06 06:02:40,301 - INFO - Successfully processed https://blogforge.pythonanywhere.com/blogs/exploring-the-future-of-travel-and-tourism-in-the-digital-era/
2025-02-06 06:02:40,336 - INFO - Processing URL: https://blogforge.pythonanywhere.com/about/
2025-02-06 06:02:40,337 - INFO - Successfully processed https://blogforge.pythonanywhere.com/about/
2025-02-06 06:02:40,507 - INFO - Processing URL: https://blogforge.pythonanywhere.com/blogs/the-universal-language-of-music-connecting-cultures-and-emotions/
2025-02-06 06:02:40,508 - INFO - Successfully processed https://blogforge.pythonanywhere.com/blogs/the-universal-language-of-music-connecting-cultures-and-emotions/
2025-02-06 06:02:40,674 - INFO - Processing URL: https://blogforge.pythonanywhere.com/blogs/the-maha-kumbh-mela-indias-grand-spiritual-gathering/
2025-02-06 06:02:40,674 - INFO - Successfully processed https://blogforge.pythonanywhere.com/blogs/the-maha-kumbh-mela-indias-grand-spiritual-gathering/
2025-02-06 06:02:40,797 - INFO - Processing URL: https://blogforge.pythonanywhere.com/blogs/best-minecraft-seeds-unlock-endless-possibilities-in-your-world/
2025-02-06 06:02:40,798 - INFO - Successfully processed https://blogforge.pythonanywhere.com/blogs/best-minecraft-seeds-unlock-endless-possibilities-in-your-world/
2025-02-06 06:02:40,913 - INFO - Processing URL: https://blogforge.pythonanywhere.com/blogs/top-physical-exercises-for-singers-boost-your-voice-performance/
2025-02-06 06:02:40,914 - INFO - Successfully processed https://blogforge.pythonanywhere.com/blogs/top-physical-exercises-for-singers-boost-your-voice-performance/
2025-02-06 06:02:41,064 - INFO - Processing URL: https://blogforge.pythonanywhere.com/blogs/climate-change-2024-a-global-call-to-action/
2025-02-06 06:02:41,065 - INFO - Successfully processed https://blogforge.pythonanywhere.com/blogs/climate-change-2024-a-global-call-to-action/
2025-02-06 06:02:41,254 - INFO - Processing URL: https://blogforge.pythonanywhere.com/blogs/the-psychology-of-money-book-review/
2025-02-06 06:02:41,254 - INFO - Successfully processed https://blogforge.pythonanywhere.com/blogs/the-psychology-of-money-book-review/
2025-02-06 06:02:41,511 - INFO - Processing URL: https://blogforge.pythonanywhere.com/blogs/revolutionizing-education-with-duolingo-luis-von-ahns-ted-talk/
2025-02-06 06:02:41,512 - INFO - Successfully processed https://blogforge.pythonanywhere.com/blogs/revolutionizing-education-with-duolingo-luis-von-ahns-ted-talk/
2025-02-06 06:02:41,711 - INFO - Processing URL: https://blogforge.pythonanywhere.com/blogs/how-to-stay-productive-and-find-joy-during-downtime-at-work/
2025-02-06 06:02:41,711 - INFO - Successfully processed https://blogforge.pythonanywhere.com/blogs/how-to-stay-productive-and-find-joy-during-downtime-at-work/
2025-02-06 06:02:41,903 - INFO - Processing URL: https://blogforge.pythonanywhere.com/blogs/build-and-deploy-your-own-chatbot-locally-using-ngrok/
2025-02-06 06:02:41,904 - INFO - Successfully processed https://blogforge.pythonanywhere.com/blogs/build-and-deploy-your-own-chatbot-locally-using-ngrok/
2025-02-06 06:02:42,047 - INFO - Processing URL: https://blogforge.pythonanywhere.com/blogs/tum-haar-jao-jeevan-kee-sachchaee-par-ek-gahan-vichaar/
2025-02-06 06:02:42,048 - INFO - Successfully processed https://blogforge.pythonanywhere.com/blogs/tum-haar-jao-jeevan-kee-sachchaee-par-ek-gahan-vichaar/
2025-02-06 06:02:42,181 - INFO - Processing URL: https://blogforge.pythonanywhere.com/blogs/how-to-automate-your-browser-using-web-ui/
2025-02-06 06:02:42,182 - INFO - Successfully processed https://blogforge.pythonanywhere.com/blogs/how-to-automate-your-browser-using-web-ui/
2025-02-06 06:02:42,263 - INFO - Processing URL: https://blogforge.pythonanywhere.com/category/Nature/
2025-02-06 06:02:42,263 - INFO - Successfully processed https://blogforge.pythonanywhere.com/category/Nature/
2025-02-06 06:02:42,694 - INFO - Processing URL: https://blogforge.pythonanywhere.com/category/Music/
2025-02-06 06:02:42,695 - INFO - Successfully processed https://blogforge.pythonanywhere.com/category/Music/
2025-02-06 06:02:42,743 - INFO - Processing URL: https://blogforge.pythonanywhere.com/category/Festivals/
2025-02-06 06:02:42,748 - INFO - Successfully processed https://blogforge.pythonanywhere.com/category/Festivals/
2025-02-06 06:02:42,796 - INFO - Processing URL: https://blogforge.pythonanywhere.com/category/Games/
2025-02-06 06:02:42,801 - INFO - Successfully processed https://blogforge.pythonanywhere.com/category/Games/
2025-02-06 06:02:42,859 - INFO - Processing URL: https://blogforge.pythonanywhere.com/category/Books/
2025-02-06 06:02:42,865 - INFO - Successfully processed https://blogforge.pythonanywhere.com/category/Books/
2025-02-06 06:02:42,903 - INFO - Processing URL: https://blogforge.pythonanywhere.com/category/TED/
2025-02-06 06:02:42,904 - INFO - Successfully processed https://blogforge.pythonanywhere.com/category/TED/
2025-02-06 06:02:42,975 - INFO - Processing URL: https://blogforge.pythonanywhere.com/category/Moment/
2025-02-06 06:02:42,976 - INFO - Successfully processed https://blogforge.pythonanywhere.com/category/Moment/
2025-02-06 06:02:43,049 - INFO - Processing URL: https://blogforge.pythonanywhere.com/category/Tech/
2025-02-06 06:02:43,049 - INFO - Successfully processed https://blogforge.pythonanywhere.com/category/Tech/
2025-02-06 06:02:43,125 - INFO - Processing URL: https://blogforge.pythonanywhere.com/category/Autonomy/
2025-02-06 06:02:43,125 - INFO - Successfully processed https://blogforge.pythonanywhere.com/category/Autonomy/
2025-02-06 06:02:43,191 - INFO - Processing URL: https://blogforge.pythonanywhere.com/category/Kalam/
2025-02-06 06:02:43,197 - INFO - Successfully processed https://blogforge.pythonanywhere.com/category/Kalam/
