2025-02-04 14:22:00,296 DEBUG    root            Loaded Command Group: ['gcloud', 'components']
2025-02-04 14:22:00,298 DEBUG    root            Loaded Command Group: ['gcloud', 'components', 'update']
2025-02-04 14:22:00,300 DEBUG    root            Running [gcloud.components.update] with arguments: [--quiet: "True", COMPONENT-IDS:8: "['gcloud', 'core', 'bq', 'gsutil', 'compute', 'preview', 'alpha', 'beta']"]
2025-02-04 14:22:00,301 INFO     ___FILE_ONLY___ Beginning update. This process may take several minutes.

2025-02-04 14:22:00,309 DEBUG    urllib3.connectionpool Starting new HTTPS connection (1): dl.google.com:443
2025-02-04 14:22:00,383 DEBUG    urllib3.connectionpool https://dl.google.com:443 "GET /dl/cloudsdk/channels/rapid/components-2.json HTTP/1.1" 200 227832
2025-02-04 14:22:00,398 WARNING  root            Component [compute] no longer exists.
2025-02-04 14:22:00,398 INFO     ___FILE_ONLY___ 

2025-02-04 14:22:00,399 INFO     ___FILE_ONLY___ 
Your current Google Cloud CLI version is: 508.0.0

2025-02-04 14:22:00,399 INFO     ___FILE_ONLY___ Installing components from version: 508.0.0

2025-02-04 14:22:00,399 INFO     ___FILE_ONLY___ 

2025-02-04 14:22:00,399 DEBUG    root            Chosen display Format:table[box,title="These components will be removed."](details.display_name:label=Name:align=left,version.version_string:label=Version:align=right,data.size.size(zero="",min=1048576):label=Size:align=right)
2025-02-04 14:22:00,400 DEBUG    root            Chosen display Format:table[box,title="These components will be updated."](details.display_name:label=Name:align=left,version.version_string:label=Version:align=right,data.size.size(zero="",min=1048576):label=Size:align=right)
2025-02-04 14:22:00,400 DEBUG    root            Chosen display Format:table[box,title="These components will be installed."](details.display_name:label=Name:align=left,version.version_string:label=Version:align=right,data.size.size(zero="",min=1048576):label=Size:align=right)
2025-02-04 14:22:00,414 INFO     ___FILE_ONLY___ ┌────────────────────────────────────────────────┐
2025-02-04 14:22:00,414 INFO     ___FILE_ONLY___ 

2025-02-04 14:22:00,414 INFO     ___FILE_ONLY___ │      These components will be installed.       │
2025-02-04 14:22:00,414 INFO     ___FILE_ONLY___ 

2025-02-04 14:22:00,414 INFO     ___FILE_ONLY___ ├─────────────────────────┬────────────┬─────────┤
2025-02-04 14:22:00,414 INFO     ___FILE_ONLY___ 

2025-02-04 14:22:00,414 INFO     ___FILE_ONLY___ │           Name          │  Version   │   Size  │
2025-02-04 14:22:00,414 INFO     ___FILE_ONLY___ 

2025-02-04 14:22:00,414 INFO     ___FILE_ONLY___ ├─────────────────────────┼────────────┼─────────┤
2025-02-04 14:22:00,414 INFO     ___FILE_ONLY___ 

2025-02-04 14:22:00,414 INFO     ___FILE_ONLY___ │ 
2025-02-04 14:22:00,415 INFO     ___FILE_ONLY___ gcloud Alpha Commands  
2025-02-04 14:22:00,415 INFO     ___FILE_ONLY___  
2025-02-04 14:22:00,415 INFO     ___FILE_ONLY___ │ 
2025-02-04 14:22:00,415 INFO     ___FILE_ONLY___ 2025.01.24
2025-02-04 14:22:00,415 INFO     ___FILE_ONLY___  
2025-02-04 14:22:00,415 INFO     ___FILE_ONLY___ │ 
2025-02-04 14:22:00,415 INFO     ___FILE_ONLY___ < 1 MiB
2025-02-04 14:22:00,415 INFO     ___FILE_ONLY___  
2025-02-04 14:22:00,415 INFO     ___FILE_ONLY___ │
2025-02-04 14:22:00,415 INFO     ___FILE_ONLY___ 

2025-02-04 14:22:00,415 INFO     ___FILE_ONLY___ │ 
2025-02-04 14:22:00,415 INFO     ___FILE_ONLY___ gcloud Beta Commands   
2025-02-04 14:22:00,415 INFO     ___FILE_ONLY___  
2025-02-04 14:22:00,415 INFO     ___FILE_ONLY___ │ 
2025-02-04 14:22:00,415 INFO     ___FILE_ONLY___ 2025.01.24
2025-02-04 14:22:00,415 INFO     ___FILE_ONLY___  
2025-02-04 14:22:00,415 INFO     ___FILE_ONLY___ │ 
2025-02-04 14:22:00,415 INFO     ___FILE_ONLY___ < 1 MiB
2025-02-04 14:22:00,415 INFO     ___FILE_ONLY___  
2025-02-04 14:22:00,415 INFO     ___FILE_ONLY___ │
2025-02-04 14:22:00,415 INFO     ___FILE_ONLY___ 

2025-02-04 14:22:00,416 INFO     ___FILE_ONLY___ │ 
2025-02-04 14:22:00,416 INFO     ___FILE_ONLY___ gcloud Preview Commands
2025-02-04 14:22:00,416 INFO     ___FILE_ONLY___  
2025-02-04 14:22:00,416 INFO     ___FILE_ONLY___ │ 
2025-02-04 14:22:00,416 INFO     ___FILE_ONLY___           
2025-02-04 14:22:00,416 INFO     ___FILE_ONLY___  
2025-02-04 14:22:00,416 INFO     ___FILE_ONLY___ │ 
2025-02-04 14:22:00,416 INFO     ___FILE_ONLY___ < 1 MiB
2025-02-04 14:22:00,416 INFO     ___FILE_ONLY___  
2025-02-04 14:22:00,416 INFO     ___FILE_ONLY___ │
2025-02-04 14:22:00,416 INFO     ___FILE_ONLY___ 

2025-02-04 14:22:00,416 INFO     ___FILE_ONLY___ └─────────────────────────┴────────────┴─────────┘
2025-02-04 14:22:00,416 INFO     ___FILE_ONLY___ 

2025-02-04 14:22:00,416 INFO     ___FILE_ONLY___ 

2025-02-04 14:22:00,419 DEBUG    urllib3.connectionpool Starting new HTTPS connection (1): dl.google.com:443
2025-02-04 14:22:00,490 DEBUG    urllib3.connectionpool https://dl.google.com:443 "GET /dl/cloudsdk/channels/rapid/RELEASE_NOTES HTTP/1.1" 200 1347594
2025-02-04 14:22:00,536 INFO     ___FILE_ONLY___ For the latest full release notes, please visit:
  https://cloud.google.com/sdk/release_notes


2025-02-04 14:22:00,536 INFO     ___FILE_ONLY___ Performing in place update...


2025-02-04 14:22:00,538 INFO     ___FILE_ONLY___ ╔════════════════════════════════════════════════════════════╗

2025-02-04 14:22:00,539 INFO     ___FILE_ONLY___ ╠═ Downloading: gcloud Alpha Commands                       ═╣

2025-02-04 14:22:00,539 INFO     ___FILE_ONLY___ ╚
2025-02-04 14:22:00,542 DEBUG    urllib3.connectionpool Starting new HTTPS connection (1): dl.google.com:443
2025-02-04 14:22:00,613 DEBUG    urllib3.connectionpool https://dl.google.com:443 "GET /dl/cloudsdk/channels/rapid/components/google-cloud-sdk-alpha-20250124173157.tar.gz HTTP/1.1" 200 800
2025-02-04 14:22:00,614 INFO     ___FILE_ONLY___ ════════════════════════════════════════════════════════════
2025-02-04 14:22:00,614 INFO     ___FILE_ONLY___ ╝

2025-02-04 14:22:00,616 INFO     ___FILE_ONLY___ ╔════════════════════════════════════════════════════════════╗

2025-02-04 14:22:00,616 INFO     ___FILE_ONLY___ ╠═ Downloading: gcloud Beta Commands                        ═╣

2025-02-04 14:22:00,616 INFO     ___FILE_ONLY___ ╚
2025-02-04 14:22:00,619 DEBUG    urllib3.connectionpool Starting new HTTPS connection (1): dl.google.com:443
2025-02-04 14:22:00,691 DEBUG    urllib3.connectionpool https://dl.google.com:443 "GET /dl/cloudsdk/channels/rapid/components/google-cloud-sdk-beta-20250124173157.tar.gz HTTP/1.1" 200 797
2025-02-04 14:22:00,692 INFO     ___FILE_ONLY___ ════════════════════════════════════════════════════════════
2025-02-04 14:22:00,692 INFO     ___FILE_ONLY___ ╝

2025-02-04 14:22:00,694 INFO     ___FILE_ONLY___ ╔════════════════════════════════════════════════════════════╗

2025-02-04 14:22:00,694 INFO     ___FILE_ONLY___ ╠═ Downloading: gcloud Preview Commands                     ═╣

2025-02-04 14:22:00,694 INFO     ___FILE_ONLY___ ╚
2025-02-04 14:22:00,697 DEBUG    urllib3.connectionpool Starting new HTTPS connection (1): dl.google.com:443
2025-02-04 14:22:00,781 DEBUG    urllib3.connectionpool https://dl.google.com:443 "GET /dl/cloudsdk/channels/rapid/components/google-cloud-sdk-preview-20241115154308.tar.gz HTTP/1.1" 200 823
2025-02-04 14:22:00,782 INFO     ___FILE_ONLY___ ════════════════════════════════════════════════════════════
2025-02-04 14:22:00,782 INFO     ___FILE_ONLY___ ╝

2025-02-04 14:22:00,784 INFO     ___FILE_ONLY___ ╔════════════════════════════════════════════════════════════╗

2025-02-04 14:22:00,785 INFO     ___FILE_ONLY___ ╠═ Installing: gcloud Alpha Commands                        ═╣

2025-02-04 14:22:00,785 INFO     ___FILE_ONLY___ ╚
2025-02-04 14:22:00,786 INFO     ___FILE_ONLY___ ════════════════════════════════════════════════════════════
2025-02-04 14:22:00,786 INFO     ___FILE_ONLY___ ╝

2025-02-04 14:22:00,795 INFO     ___FILE_ONLY___ ╔════════════════════════════════════════════════════════════╗

2025-02-04 14:22:00,795 INFO     ___FILE_ONLY___ ╠═ Installing: gcloud Beta Commands                         ═╣

2025-02-04 14:22:00,795 INFO     ___FILE_ONLY___ ╚
2025-02-04 14:22:00,796 INFO     ___FILE_ONLY___ ════════════════════════════════════════════════════════════
2025-02-04 14:22:00,796 INFO     ___FILE_ONLY___ ╝

2025-02-04 14:22:00,800 INFO     ___FILE_ONLY___ ╔════════════════════════════════════════════════════════════╗

2025-02-04 14:22:00,800 INFO     ___FILE_ONLY___ ╠═ Installing: gcloud Preview Commands                      ═╣

2025-02-04 14:22:00,800 INFO     ___FILE_ONLY___ ╚
2025-02-04 14:22:00,801 INFO     ___FILE_ONLY___ ════════════════════════════════════════════════════════════
2025-02-04 14:22:00,801 INFO     ___FILE_ONLY___ ╝

2025-02-04 14:22:00,806 DEBUG    root            Updating notification cache...
2025-02-04 14:22:00,807 INFO     ___FILE_ONLY___ 

2025-02-04 14:22:00,809 INFO     ___FILE_ONLY___ Performing post processing steps...
2025-02-04 14:22:00,809 DEBUG    root            Executing command: ['/tools/google-cloud-sdk/bin/gcloud', 'components', 'post-process']
2025-02-04 14:22:09,196 DEBUG    ___FILE_ONLY___ 
2025-02-04 14:22:09,196 DEBUG    ___FILE_ONLY___ 
2025-02-04 14:22:09,323 INFO     ___FILE_ONLY___ 
Update done!


2025-02-04 14:22:09,326 DEBUG    root            Chosen display Format:none
2025-02-04 14:22:09,326 INFO     root            Display format: "none"
