2025-02-01 06:59:45,291 - INFO - Found 21 URLs in sitemap
2025-02-01 06:59:46,033 - INFO - Processing URL: https://blogforge.pythonanywhere.com/about/
2025-02-01 06:59:46,092 - INFO - Successfully processed https://blogforge.pythonanywhere.com/about/
2025-02-01 06:59:46,252 - INFO - Processing URL: https://blogforge.pythonanywhere.com/blogs/exploring-the-future-of-travel-and-tourism-in-the-digital-era/
2025-02-01 06:59:46,301 - INFO - Processing URL: https://blogforge.pythonanywhere.com/contact/
2025-02-01 06:59:46,335 - INFO - Successfully processed https://blogforge.pythonanywhere.com/blogs/exploring-the-future-of-travel-and-tourism-in-the-digital-era/
2025-02-01 06:59:46,336 - INFO - Processing URL: https://blogforge.pythonanywhere.com/
2025-02-01 06:59:46,337 - INFO - Successfully processed https://blogforge.pythonanywhere.com/contact/
2025-02-01 06:59:46,342 - INFO - Successfully processed https://blogforge.pythonanywhere.com/
2025-02-01 06:59:46,439 - INFO - Processing URL: https://blogforge.pythonanywhere.com/blogs/the-universal-language-of-music-connecting-cultures-and-emotions/
2025-02-01 06:59:46,441 - INFO - Successfully processed https://blogforge.pythonanywhere.com/blogs/the-universal-language-of-music-connecting-cultures-and-emotions/
2025-02-01 06:59:46,899 - INFO - Processing URL: https://blogforge.pythonanywhere.com/blogs/the-maha-kumbh-mela-indias-grand-spiritual-gathering/
2025-02-01 06:59:46,909 - INFO - Successfully processed https://blogforge.pythonanywhere.com/blogs/the-maha-kumbh-mela-indias-grand-spiritual-gathering/
2025-02-01 06:59:47,095 - INFO - Processing URL: https://blogforge.pythonanywhere.com/blogs/best-minecraft-seeds-unlock-endless-possibilities-in-your-world/
2025-02-01 06:59:47,096 - INFO - Successfully processed https://blogforge.pythonanywhere.com/blogs/best-minecraft-seeds-unlock-endless-possibilities-in-your-world/
2025-02-01 06:59:47,171 - INFO - Processing URL: https://blogforge.pythonanywhere.com/blogs/climate-change-2024-a-global-call-to-action/
2025-02-01 06:59:47,171 - INFO - Successfully processed https://blogforge.pythonanywhere.com/blogs/climate-change-2024-a-global-call-to-action/
2025-02-01 06:59:47,294 - INFO - Processing URL: https://blogforge.pythonanywhere.com/blogs/top-physical-exercises-for-singers-boost-your-voice-performance/
2025-02-01 06:59:47,301 - INFO - Successfully processed https://blogforge.pythonanywhere.com/blogs/top-physical-exercises-for-singers-boost-your-voice-performance/
2025-02-01 06:59:47,360 - INFO - Processing URL: https://blogforge.pythonanywhere.com/blogs/the-psychology-of-money-book-review/
2025-02-01 06:59:47,362 - INFO - Successfully processed https://blogforge.pythonanywhere.com/blogs/the-psychology-of-money-book-review/
2025-02-01 06:59:47,607 - INFO - Processing URL: https://blogforge.pythonanywhere.com/blogs/revolutionizing-education-with-duolingo-luis-von-ahns-ted-talk/
2025-02-01 06:59:47,608 - INFO - Successfully processed https://blogforge.pythonanywhere.com/blogs/revolutionizing-education-with-duolingo-luis-von-ahns-ted-talk/
2025-02-01 06:59:47,808 - INFO - Processing URL: https://blogforge.pythonanywhere.com/blogs/how-to-stay-productive-and-find-joy-during-downtime-at-work/
2025-02-01 06:59:47,809 - INFO - Successfully processed https://blogforge.pythonanywhere.com/blogs/how-to-stay-productive-and-find-joy-during-downtime-at-work/
2025-02-01 06:59:47,917 - INFO - Processing URL: https://blogforge.pythonanywhere.com/blogs/build-and-deploy-your-own-chatbot-locally-using-ngrok/
2025-02-01 06:59:47,920 - INFO - Successfully processed https://blogforge.pythonanywhere.com/blogs/build-and-deploy-your-own-chatbot-locally-using-ngrok/
2025-02-01 06:59:47,959 - INFO - Processing URL: https://blogforge.pythonanywhere.com/category/Nature/
2025-02-01 06:59:47,960 - INFO - Successfully processed https://blogforge.pythonanywhere.com/category/Nature/
2025-02-01 06:59:47,989 - INFO - Processing URL: https://blogforge.pythonanywhere.com/category/Music/
2025-02-01 06:59:47,990 - INFO - Successfully processed https://blogforge.pythonanywhere.com/category/Music/
2025-02-01 06:59:48,385 - INFO - Processing URL: https://blogforge.pythonanywhere.com/category/Festivals/
2025-02-01 06:59:48,389 - INFO - Successfully processed https://blogforge.pythonanywhere.com/category/Festivals/
2025-02-01 06:59:48,448 - INFO - Processing URL: https://blogforge.pythonanywhere.com/category/Games/
2025-02-01 06:59:48,450 - INFO - Successfully processed https://blogforge.pythonanywhere.com/category/Games/
2025-02-01 06:59:48,543 - INFO - Processing URL: https://blogforge.pythonanywhere.com/category/Books/
2025-02-01 06:59:48,545 - INFO - Successfully processed https://blogforge.pythonanywhere.com/category/Books/
2025-02-01 06:59:48,624 - INFO - Processing URL: https://blogforge.pythonanywhere.com/category/TED/
2025-02-01 06:59:48,626 - INFO - Successfully processed https://blogforge.pythonanywhere.com/category/TED/
2025-02-01 06:59:48,662 - INFO - Processing URL: https://blogforge.pythonanywhere.com/category/Moment/
2025-02-01 06:59:48,663 - INFO - Successfully processed https://blogforge.pythonanywhere.com/category/Moment/
2025-02-01 06:59:49,018 - INFO - Processing URL: https://blogforge.pythonanywhere.com/category/Tech/
2025-02-01 06:59:49,018 - INFO - Successfully processed https://blogforge.pythonanywhere.com/category/Tech/
2025-02-01 08:09:45,233 - INFO - Found 21 URLs in sitemap
2025-02-01 08:09:45,867 - INFO - Processing URL: https://blogforge.pythonanywhere.com/
2025-02-01 08:09:45,869 - INFO - Successfully processed https://blogforge.pythonanywhere.com/
2025-02-01 08:09:45,981 - INFO - Processing URL: https://blogforge.pythonanywhere.com/blogs/exploring-the-future-of-travel-and-tourism-in-the-digital-era/
2025-02-01 08:09:45,982 - INFO - Successfully processed https://blogforge.pythonanywhere.com/blogs/exploring-the-future-of-travel-and-tourism-in-the-digital-era/
2025-02-01 08:09:46,010 - INFO - Processing URL: https://blogforge.pythonanywhere.com/about/
2025-02-01 08:09:46,011 - INFO - Successfully processed https://blogforge.pythonanywhere.com/about/
2025-02-01 08:09:46,021 - INFO - Processing URL: https://blogforge.pythonanywhere.com/contact/
2025-02-01 08:09:46,022 - INFO - Successfully processed https://blogforge.pythonanywhere.com/contact/
2025-02-01 08:09:46,137 - INFO - Processing URL: https://blogforge.pythonanywhere.com/blogs/the-universal-language-of-music-connecting-cultures-and-emotions/
2025-02-01 08:09:46,138 - INFO - Successfully processed https://blogforge.pythonanywhere.com/blogs/the-universal-language-of-music-connecting-cultures-and-emotions/
2025-02-01 08:09:46,544 - INFO - Processing URL: https://blogforge.pythonanywhere.com/blogs/the-maha-kumbh-mela-indias-grand-spiritual-gathering/
2025-02-01 08:09:46,545 - INFO - Successfully processed https://blogforge.pythonanywhere.com/blogs/the-maha-kumbh-mela-indias-grand-spiritual-gathering/
2025-02-01 08:09:46,669 - INFO - Processing URL: https://blogforge.pythonanywhere.com/blogs/best-minecraft-seeds-unlock-endless-possibilities-in-your-world/
2025-02-01 08:09:46,669 - INFO - Successfully processed https://blogforge.pythonanywhere.com/blogs/best-minecraft-seeds-unlock-endless-possibilities-in-your-world/
2025-02-01 08:09:46,765 - INFO - Processing URL: https://blogforge.pythonanywhere.com/blogs/top-physical-exercises-for-singers-boost-your-voice-performance/
2025-02-01 08:09:46,766 - INFO - Successfully processed https://blogforge.pythonanywhere.com/blogs/top-physical-exercises-for-singers-boost-your-voice-performance/
2025-02-01 08:09:46,852 - INFO - Processing URL: https://blogforge.pythonanywhere.com/blogs/climate-change-2024-a-global-call-to-action/
2025-02-01 08:09:46,852 - INFO - Successfully processed https://blogforge.pythonanywhere.com/blogs/climate-change-2024-a-global-call-to-action/
2025-02-01 08:09:46,937 - INFO - Processing URL: https://blogforge.pythonanywhere.com/blogs/the-psychology-of-money-book-review/
2025-02-01 08:09:46,938 - INFO - Successfully processed https://blogforge.pythonanywhere.com/blogs/the-psychology-of-money-book-review/
2025-02-01 08:09:47,219 - INFO - Processing URL: https://blogforge.pythonanywhere.com/blogs/revolutionizing-education-with-duolingo-luis-von-ahns-ted-talk/
2025-02-01 08:09:47,220 - INFO - Successfully processed https://blogforge.pythonanywhere.com/blogs/revolutionizing-education-with-duolingo-luis-von-ahns-ted-talk/
2025-02-01 08:09:47,334 - INFO - Processing URL: https://blogforge.pythonanywhere.com/blogs/how-to-stay-productive-and-find-joy-during-downtime-at-work/
2025-02-01 08:09:47,335 - INFO - Successfully processed https://blogforge.pythonanywhere.com/blogs/how-to-stay-productive-and-find-joy-during-downtime-at-work/
2025-02-01 08:09:47,459 - INFO - Processing URL: https://blogforge.pythonanywhere.com/blogs/build-and-deploy-your-own-chatbot-locally-using-ngrok/
2025-02-01 08:09:47,460 - INFO - Successfully processed https://blogforge.pythonanywhere.com/blogs/build-and-deploy-your-own-chatbot-locally-using-ngrok/
2025-02-01 08:09:47,497 - INFO - Processing URL: https://blogforge.pythonanywhere.com/category/Nature/
2025-02-01 08:09:47,497 - INFO - Successfully processed https://blogforge.pythonanywhere.com/category/Nature/
2025-02-01 08:09:47,552 - INFO - Processing URL: https://blogforge.pythonanywhere.com/category/Music/
2025-02-01 08:09:47,553 - INFO - Successfully processed https://blogforge.pythonanywhere.com/category/Music/
2025-02-01 08:09:47,833 - INFO - Processing URL: https://blogforge.pythonanywhere.com/category/Festivals/
2025-02-01 08:09:47,833 - INFO - Successfully processed https://blogforge.pythonanywhere.com/category/Festivals/
2025-02-01 08:09:47,960 - INFO - Processing URL: https://blogforge.pythonanywhere.com/category/Games/
2025-02-01 08:09:47,960 - INFO - Successfully processed https://blogforge.pythonanywhere.com/category/Games/
2025-02-01 08:09:48,077 - INFO - Processing URL: https://blogforge.pythonanywhere.com/category/Books/
2025-02-01 08:09:48,078 - INFO - Successfully processed https://blogforge.pythonanywhere.com/category/Books/
2025-02-01 08:09:48,112 - INFO - Processing URL: https://blogforge.pythonanywhere.com/category/TED/
2025-02-01 08:09:48,113 - INFO - Successfully processed https://blogforge.pythonanywhere.com/category/TED/
2025-02-01 08:09:48,163 - INFO - Processing URL: https://blogforge.pythonanywhere.com/category/Moment/
2025-02-01 08:09:48,164 - INFO - Successfully processed https://blogforge.pythonanywhere.com/category/Moment/
2025-02-01 08:09:48,448 - INFO - Processing URL: https://blogforge.pythonanywhere.com/category/Tech/
2025-02-01 08:09:48,450 - INFO - Successfully processed https://blogforge.pythonanywhere.com/category/Tech/
